<?xml version="1.0" encoding="UTF-8"?>
<!-- Generated by org.testng.reporters.JUnitReportReporter -->
<testsuite hostname="DESKTOP-PATT121" failures="0" tests="1" name="practice.test.SampleInvoiceTest" time="0.014" errors="0" timestamp="2024-06-07T11:42:50 IST" skipped="0">
  <testcase classname="practice.test.SampleInvoiceTest" name="createSimTest" time="0.014"/>
</testsuite> <!-- practice.test.SampleInvoiceTest -->
