<?xml version="1.0" encoding="UTF-8"?>
<!-- Generated by org.testng.reporters.JUnitReportReporter -->
<testsuite hostname="DESKTOP-PATT121" failures="0" tests="1" name="practice.test.SampleExtentReport" time="2.516" errors="0" timestamp="2024-06-08T11:59:19 IST" skipped="0">
  <testcase classname="practice.test.SampleExtentReport" name="createContactTest" time="2.516"/>
</testsuite> <!-- practice.test.SampleExtentReport -->
