<?xml version="1.0" encoding="UTF-8"?>
<!-- Generated by org.testng.reporters.JUnitReportReporter -->
<testsuite hostname="DESKTOP-PATT121" failures="0" tests="1" name="com.comcast.crm.orgtest.CreateOrganizationTest" time="80.209" errors="0" timestamp="2024-06-12T10:58:59 IST" skipped="0">
  <testcase classname="com.comcast.crm.orgtest.CreateOrganizationTest" name="createOrganizationTest" time="80.209"/>
</testsuite> <!-- com.comcast.crm.orgtest.CreateOrganizationTest -->
