<?xml version="1.0" encoding="UTF-8"?>
<!-- Generated by org.testng.reporters.JUnitReportReporter -->
<testsuite hostname="DESKTOP-PATT121" failures="0" tests="1" name="com.comcast.crm.orgtest.CreateOrganizationWithPhoneNumber" time="20.751" errors="0" timestamp="2024-06-04T18:44:49 IST" skipped="0">
  <testcase classname="com.comcast.crm.orgtest.CreateOrganizationWithPhoneNumber" name="createOrganizationWithPhoneNumber" time="20.751"/>
</testsuite> <!-- com.comcast.crm.orgtest.CreateOrganizationWithPhoneNumber -->
