<?xml version="1.0" encoding="UTF-8"?>
<!-- Generated by org.testng.reporters.JUnitReportReporter -->
<testsuite hostname="DESKTOP-PATT121" failures="0" tests="1" name="com.comcast.crm.contacttest.CreateContactTest" time="26.404" errors="0" timestamp="2024-06-06T14:46:44 IST" skipped="0">
  <testcase classname="com.comcast.crm.contacttest.CreateContactTest" name="createContactTest" time="26.404"/>
</testsuite> <!-- com.comcast.crm.contacttest.CreateContactTest -->
