<?xml version="1.0" encoding="UTF-8"?>
<!-- Generated by org.testng.reporters.JUnitReportReporter -->
<testsuite hostname="DESKTOP-PATT121" failures="0" tests="3" name="practice.test.GetAmazonProductInfoTest" time="27.936" errors="0" timestamp="2024-06-01T14:40:04 IST" skipped="0">
  <testcase classname="practice.test.GetAmazonProductInfoTest" name="getProductInfoTest" time="8.267"/>
  <testcase classname="practice.test.GetAmazonProductInfoTest" name="getProductInfoTest" time="9.069"/>
  <testcase classname="practice.test.GetAmazonProductInfoTest" name="getProductInfoTest" time="10.600"/>
</testsuite> <!-- practice.test.GetAmazonProductInfoTest -->
