<?xml version="1.0" encoding="UTF-8"?>
<!-- Generated by org.testng.reporters.JUnitReportReporter -->
<testsuite hostname="DESKTOP-PATT121" failures="0" tests="1" name="com.comcast.crm.contacttest.CreateContactWithOrgTest" time="20.701" errors="0" timestamp="2024-06-04T16:03:22 IST" skipped="0">
  <testcase classname="com.comcast.crm.contacttest.CreateContactWithOrgTest" name="createContactWithOrgTest" time="20.701"/>
</testsuite> <!-- com.comcast.crm.contacttest.CreateContactWithOrgTest -->
