<?xml version="1.0" encoding="UTF-8"?>
<!-- Generated by org.testng.reporters.JUnitReportReporter -->
<testsuite hostname="DESKTOP-PATT121" failures="0" tests="1" name="com.comcast.crm.orgtest.CreateOrganizationWithIndustries" time="20.069" errors="0" timestamp="2024-06-04T18:23:04 IST" skipped="0">
  <testcase classname="com.comcast.crm.orgtest.CreateOrganizationWithIndustries" name="createOrganizationWithIndustries" time="20.069"/>
</testsuite> <!-- com.comcast.crm.orgtest.CreateOrganizationWithIndustries -->
