<?xml version="1.0" encoding="UTF-8"?>
<!-- Generated by org.testng.reporters.JUnitReportReporter -->
<testsuite hostname="DESKTOP-PATT121" failures="0" tests="1" name="com.comcast.crm.contacttest.CreateContactWithSupportDateTest" time="19.628" errors="0" timestamp="2024-06-04T13:01:05 IST" skipped="0">
  <testcase classname="com.comcast.crm.contacttest.CreateContactWithSupportDateTest" name="createContactWithSupportDateTest" time="19.628"/>
</testsuite> <!-- com.comcast.crm.contacttest.CreateContactWithSupportDateTest -->
