<?xml version="1.0" encoding="UTF-8"?>
<!-- Generated by org.testng.reporters.JUnitReportReporter -->
<testsuite hostname="DESKTOP-PATT121" failures="0" tests="2" name="practice.test.HomePageSampleTest" time="0.021" errors="0" timestamp="2024-06-06T14:58:04 IST" skipped="0">
  <testcase classname="practice.test.HomePageSampleTest" name="verifyHomePageLogoTest" time="0.002">
    <system-out>
      <![CDATA[verifyHomePageLogoTest Test Start 
Step-1
Step-2
Step-3
Step-4
verifyHomePageLogoTest Test End ]]>
    </system-out>
  </testcase> <!-- verifyHomePageLogoTest -->
  <testcase classname="practice.test.HomePageSampleTest" name="homePageTest" time="0.019">
    <system-out>
      <![CDATA[homePageTest Test Start 
null
Step-1
Step-2
Step-3
Step-4
homePageTest Test End ]]>
    </system-out>
  </testcase> <!-- homePageTest -->
  <system-out>
    <![CDATA[homePageTest Test Start 
null
Step-1
Step-2
Step-3
Step-4
homePageTest Test End 
verifyHomePageLogoTest Test Start 
Step-1
Step-2
Step-3
Step-4
verifyHomePageLogoTest Test End ]]>
  </system-out>
</testsuite> <!-- practice.test.HomePageSampleTest -->
